Base path: C:/Unity 5.0.0b14/Editor/Data
Pipe name: \\.\pipe\UnityShaderCompiler-64bit-1-8896
Cmd: getPlatforms
Cmd: compileSnippet
  api=4 type=0 insize=7261 outsize=9253 kw= ok=1
Cmd: compileSnippet
  api=4 type=1 insize=7261 outsize=2184 kw= ok=1
Cmd: compileSnippet
  api=4 type=0 insize=975 outsize=990 kw= ok=1
Cmd: compileSnippet
  api=4 type=1 insize=975 outsize=1055 kw= ok=1
Cmd: compileSnippet
  api=4 type=0 insize=971 outsize=990 kw= ok=1
Cmd: compileSnippet
  api=4 type=1 insize=971 outsize=1055 kw= ok=1
Cmd: compileSnippet
  api=4 type=0 insize=972 outsize=990 kw= ok=1
Cmd: compileSnippet
  api=4 type=1 insize=972 outsize=1055 kw= ok=1
Cmd: compileSnippet
  api=4 type=0 insize=976 outsize=990 kw= ok=1
Cmd: compileSnippet
  api=4 type=1 insize=976 outsize=1055 kw= ok=1
Cmd: compileSnippet
  api=4 type=0 insize=964 outsize=990 kw= ok=1
Cmd: compileSnippet
  api=4 type=1 insize=964 outsize=1055 kw= ok=1
Cmd: compileSnippet
  api=4 type=0 insize=972 outsize=990 kw= ok=1
Cmd: compileSnippet
  api=4 type=1 insize=972 outsize=1055 kw= ok=1
Cmd: compileSnippet
  api=4 type=0 insize=842 outsize=900 kw= ok=1
Cmd: compileSnippet
  api=4 type=1 insize=842 outsize=1055 kw= ok=1
Cmd: compileSnippet
  api=5 type=0 insize=975 outsize=792 kw= ok=1
Cmd: compileSnippet
  api=9 type=1 insize=975 outsize=7 kw= ok=1
Cmd: compileSnippet
  api=5 type=0 insize=971 outsize=788 kw= ok=1
Cmd: compileSnippet
  api=5 type=1 insize=971 outsize=6 kw= ok=1
Cmd: compileSnippet
  api=9 type=0 insize=972 outsize=859 kw= ok=1
Cmd: compileSnippet
  api=5 type=1 insize=972 outsize=6 kw= ok=1
Cmd: compileSnippet
  api=9 type=0 insize=976 outsize=864 kw= ok=1
Cmd: compileSnippet
  api=9 type=1 insize=976 outsize=7 kw= ok=1
Cmd: compileSnippet
  api=9 type=0 insize=964 outsize=849 kw= ok=1
Cmd: compileSnippet
  api=5 type=1 insize=964 outsize=6 kw= ok=1
Cmd: compileSnippet
  api=9 type=0 insize=972 outsize=859 kw= ok=1
Cmd: compileSnippet
  api=5 type=1 insize=972 outsize=6 kw= ok=1
